<?xml version="1.0"?>
<Locations >
  <Project >
    <file_marker column=" 14" line=" 10" >
      <vfs_project />
      <vfs_file>C:\Users\pasi.heinonen\src\morse.adb</vfs_file>
    </file_marker>
    <file_marker column=" 24" line=" 10" >
      <vfs_project />
      <vfs_file>C:\Users\pasi.heinonen\src\morse.ads</vfs_file>
    </file_marker>
    <file_marker column=" 10" line=" 12" >
      <vfs_project />
      <vfs_file>C:\SPARK\2015\share\examples\spark\intro\pricing.adb</vfs_file>
    </file_marker>
    <file_marker column=" 27" line=" 16" >
      <vfs_project />
      <vfs_file>C:\SPARK\2015\share\examples\spark\intro\pricing.ads</vfs_file>
    </file_marker>
    <file_marker current="true" column=" 29" line=" 16" >
      <vfs_project />
      <vfs_file>C:\SPARK\2015\share\examples\spark\intro\sat.ads</vfs_file>
    </file_marker>
  </Project>
</Locations>
