<?xml version="1.0"?>
<Locations>
  <Project>
    <vfs_file />
    <file_marker column=" 9" line=" 9" >
      <vfs_project />
      <vfs_file>C:\Users\pasi.heinonen\src\morse.adb</vfs_file>
    </file_marker>
    <file_marker column=" 14" line=" 3" >
      <vfs_project />
      <vfs_file>C:\Users\pasi.heinonen\src\morse.ads</vfs_file>
    </file_marker>
    <file_marker column=" 19" line=" 3" >
      <vfs_project />
      <vfs_file>C:\Users\pasi.heinonen\src\morse.adb</vfs_file>
    </file_marker>
    <file_marker column=" 1" line=" 3" >
      <vfs_project />
      <vfs_file>C:\Users\pasi.heinonen\src\morse.ads</vfs_file>
    </file_marker>
    <file_marker column=" 6" line=" 7" >
      <vfs_project />
      <vfs_file>C:\Users\pasi.heinonen\src\morse.ads</vfs_file>
    </file_marker>
    <file_marker column=" 16" line=" 6" >
      <vfs_project />
      <vfs_file>C:\Users\pasi.heinonen\src\morse.ads</vfs_file>
    </file_marker>
    <file_marker column=" 21" line=" 5" >
      <vfs_project />
      <vfs_file>C:\Users\pasi.heinonen\src\morse.ads</vfs_file>
    </file_marker>
    <file_marker column=" 26" line=" 10" >
      <vfs_project />
      <vfs_file>C:\Users\pasi.heinonen\src\morse.ads</vfs_file>
    </file_marker>
    <file_marker column=" 4" line=" 11" >
      <vfs_project />
      <vfs_file>C:\Users\pasi.heinonen\src\morse.ads</vfs_file>
    </file_marker>
    <file_marker column=" 4" line=" 12" >
      <vfs_project />
      <vfs_file>C:\Users\pasi.heinonen\src\morse.adb</vfs_file>
    </file_marker>
    <file_marker column=" 4" line=" 12" >
      <vfs_project />
      <vfs_file>C:\Users\pasi.heinonen\src\morse.adb</vfs_file>
    </file_marker>
    <file_marker column=" 4" line=" 12" >
      <vfs_project />
      <vfs_file>C:\Users\pasi.heinonen\src\morse.adb</vfs_file>
    </file_marker>
    <file_marker column=" 4" line=" 12" >
      <vfs_project />
      <vfs_file>C:\Users\pasi.heinonen\src\morse.adb</vfs_file>
    </file_marker>
    <file_marker column=" 4" line=" 12" >
      <vfs_project />
      <vfs_file>C:\Users\pasi.heinonen\src\morse.adb</vfs_file>
    </file_marker>
    <file_marker column=" 40" line=" 1" >
      <vfs_project />
      <vfs_file>C:\Users\pasi.heinonen\src\morse.ads</vfs_file>
    </file_marker>
    <file_marker column=" 42" line=" 1" >
      <vfs_project />
      <vfs_file>C:\Users\pasi.heinonen\src\morse.adb</vfs_file>
    </file_marker>
    <file_marker column=" 4" line=" 12" >
      <vfs_project />
      <vfs_file>C:\Users\pasi.heinonen\src\morse.adb</vfs_file>
    </file_marker>
    <file_marker column=" 1" line=" 15" >
      <vfs_project />
      <vfs_file>C:\Users\pasi.heinonen\src\main.adb</vfs_file>
    </file_marker>
    <file_marker column=" 1" line=" 15" >
      <vfs_project />
      <vfs_file>C:\Users\pasi.heinonen\src\main.adb</vfs_file>
    </file_marker>
    <file_marker column=" 40" line=" 1" >
      <vfs_project />
      <vfs_file>C:\Users\pasi.heinonen\src\morse.ads</vfs_file>
    </file_marker>
    <file_marker column=" 14" line=" 3" >
      <vfs_project />
      <vfs_file>C:\Users\pasi.heinonen\src\morse.adb</vfs_file>
    </file_marker>
    <file_marker column=" 4" line=" 11" >
      <vfs_project />
      <vfs_file>C:\Users\pasi.heinonen\src\morse.ads</vfs_file>
    </file_marker>
    <file_marker column=" 14" line=" 3" >
      <vfs_project />
      <vfs_file>C:\Users\pasi.heinonen\src\morse.adb</vfs_file>
    </file_marker>
    <file_marker column=" 4" line=" 11" >
      <vfs_project />
      <vfs_file>C:\Users\pasi.heinonen\src\morse.ads</vfs_file>
    </file_marker>
    <file_marker column=" 4" line=" 12" >
      <vfs_project />
      <vfs_file>C:\Users\pasi.heinonen\src\morse.adb</vfs_file>
    </file_marker>
    <file_marker column=" 4" line=" 12" >
      <vfs_project />
      <vfs_file>C:\Users\pasi.heinonen\src\morse.adb</vfs_file>
    </file_marker>
    <file_marker column=" 4" line=" 12" >
      <vfs_project />
      <vfs_file>C:\Users\pasi.heinonen\src\morse.adb</vfs_file>
    </file_marker>
    <file_marker column=" 4" line=" 12" >
      <vfs_project />
      <vfs_file>C:\Users\pasi.heinonen\src\morse.adb</vfs_file>
    </file_marker>
    <file_marker column=" 3" line=" 1" >
      <vfs_project />
      <vfs_file>C:\Users\pasi.heinonen\src\morse.adb</vfs_file>
    </file_marker>
    <file_marker column=" 4" line=" 12" >
      <vfs_project />
      <vfs_file>C:\Users\pasi.heinonen\src\morse.adb</vfs_file>
    </file_marker>
    <file_marker column=" 1" line=" 1" >
      <vfs_project />
      <vfs_file>C:\Users\pasi.heinonen\obj\gnatprove\gnatprove.out</vfs_file>
    </file_marker>
    <file_marker column=" 14" line=" 10" >
      <vfs_project />
      <vfs_file>C:\Users\pasi.heinonen\src\morse.ads</vfs_file>
    </file_marker>
    <file_marker column=" 10" line=" 8" >
      <vfs_project />
      <vfs_file>C:\Users\pasi.heinonen\src\main.adb</vfs_file>
    </file_marker>
    <file_marker column=" 14" line=" 10" >
      <vfs_project />
      <vfs_file>C:\Users\pasi.heinonen\src\morse.ads</vfs_file>
    </file_marker>
    <file_marker column=" 4" line=" 11" >
      <vfs_project />
      <vfs_file>C:\Users\pasi.heinonen\src\morse.ads</vfs_file>
    </file_marker>
    <file_marker column=" 14" line=" 10" >
      <vfs_project />
      <vfs_file>C:\Users\pasi.heinonen\src\morse.adb</vfs_file>
    </file_marker>
    <file_marker column=" 14" line=" 10" >
      <vfs_project />
      <vfs_file>C:\Users\pasi.heinonen\src\morse.ads</vfs_file>
    </file_marker>
    <file_marker column=" 4" line=" 12" >
      <vfs_project />
      <vfs_file>C:\Users\pasi.heinonen\src\morse.adb</vfs_file>
    </file_marker>
    <file_marker column=" 14" line=" 10" >
      <vfs_project />
      <vfs_file>C:\Users\pasi.heinonen\src\morse.adb</vfs_file>
    </file_marker>
    <file_marker column=" 24" line=" 10" >
      <vfs_project />
      <vfs_file>C:\Users\pasi.heinonen\src\morse.ads</vfs_file>
    </file_marker>
    <file_marker column=" 14" line=" 10" >
      <vfs_project />
      <vfs_file>C:\Users\pasi.heinonen\src\morse.adb</vfs_file>
    </file_marker>
    <file_marker column=" 24" line=" 10" >
      <vfs_project />
      <vfs_file>C:\Users\pasi.heinonen\src\morse.ads</vfs_file>
    </file_marker>
    <file_marker column=" 14" line=" 10" >
      <vfs_project />
      <vfs_file>C:\Users\pasi.heinonen\src\morse.adb</vfs_file>
    </file_marker>
    <file_marker column=" 14" line=" 10" >
      <vfs_project />
      <vfs_file>C:\Users\pasi.heinonen\src\morse.ads</vfs_file>
    </file_marker>
    <file_marker column=" 23" line=" 8" >
      <vfs_project />
      <vfs_file>C:\Users\pasi.heinonen\src\morse.ads</vfs_file>
    </file_marker>
    <file_marker column=" 25" line=" 5" >
      <vfs_project />
      <vfs_file>C:\Users\pasi.heinonen\src\morse.ads</vfs_file>
    </file_marker>
    <file_marker column=" 23" line=" 8" >
      <vfs_project />
      <vfs_file>C:\Users\pasi.heinonen\src\morse.ads</vfs_file>
    </file_marker>
    <file_marker column=" 6" line=" 7" >
      <vfs_project />
      <vfs_file>C:\Users\pasi.heinonen\src\morse.adb</vfs_file>
    </file_marker>
    <file_marker column=" 43" line=" 6" >
      <vfs_project />
      <vfs_file>C:\Users\pasi.heinonen\src\morse.adb</vfs_file>
    </file_marker>
    <file_marker column=" 6" line=" 7" >
      <vfs_project />
      <vfs_file>C:\Users\pasi.heinonen\src\morse.adb</vfs_file>
    </file_marker>
    <file_marker column=" 14" line=" 10" >
      <vfs_project />
      <vfs_file>C:\Users\pasi.heinonen\src\morse.adb</vfs_file>
    </file_marker>
    <file_marker column=" 14" line=" 10" >
      <vfs_project />
      <vfs_file>C:\Users\pasi.heinonen\src\morse.ads</vfs_file>
    </file_marker>
    <file_marker column=" 14" line=" 10" >
      <vfs_project />
      <vfs_file>C:\Users\pasi.heinonen\src\morse.adb</vfs_file>
    </file_marker>
    <file_marker column=" 24" line=" 10" >
      <vfs_project />
      <vfs_file>C:\Users\pasi.heinonen\src\morse.ads</vfs_file>
    </file_marker>
    <file_marker column=" 17" line=" 10" >
      <vfs_project />
      <vfs_file>C:\Users\pasi.heinonen\src\morse.adb</vfs_file>
    </file_marker>
    <file_marker column=" 14" line=" 10" >
      <vfs_project />
      <vfs_file>C:\Users\pasi.heinonen\src\morse.ads</vfs_file>
    </file_marker>
    <file_marker column=" 1" line=" 1" >
      <vfs_project />
      <vfs_file>C:\SPARK\2015\share\examples\spark\max_and_sum\maxandsum.adb</vfs_file>
    </file_marker>
    <file_marker column=" 1" line=" 1" >
      <vfs_project />
      <vfs_file>C:\SPARK\2015\share\examples\spark\max_and_sum\maxandsum.ads</vfs_file>
    </file_marker>
    <file_marker column=" 1" line=" 1" >
      <vfs_project />
      <vfs_file>C:\SPARK\2015\share\examples\spark\max_and_sum\maxandsum.adb</vfs_file>
    </file_marker>
    <file_marker column=" 1" line=" 1" >
      <vfs_project />
      <vfs_file>C:\SPARK\2015\share\examples\spark\max_and_sum\maxandsum.ads</vfs_file>
    </file_marker>
    <file_marker column=" 1" line=" 1" >
      <vfs_project />
      <vfs_file>C:\SPARK\2015\share\examples\spark\max_and_sum\maxandsum.adb</vfs_file>
    </file_marker>
    <file_marker column=" 9" line=" 7" >
      <vfs_project />
      <vfs_file>C:\SPARK\2015\share\examples\spark\max_and_sum\maxandsum.adb</vfs_file>
    </file_marker>
    <file_marker column=" 10" line=" 11" >
      <vfs_project />
      <vfs_file>C:\SPARK\2015\share\examples\spark\max_and_sum\maxandsum.adb</vfs_file>
    </file_marker>
    <file_marker column=" 25" line=" 16" >
      <vfs_project />
      <vfs_file>C:\SPARK\2015\share\examples\spark\max_and_sum\maxandsum.adb</vfs_file>
    </file_marker>
    <file_marker column=" 1" line=" 8" >
      <vfs_project />
      <vfs_file>C:\SPARK\2015\share\examples\spark\max_and_sum\maxandsum.ads</vfs_file>
    </file_marker>
    <file_marker column=" 25" line=" 16" >
      <vfs_project />
      <vfs_file>C:\SPARK\2015\share\examples\spark\max_and_sum\maxandsum.adb</vfs_file>
    </file_marker>
    <file_marker column=" 1" line=" 1" >
      <vfs_project />
      <vfs_file>C:\SPARK\2015\share\examples\spark\contract_cases\p.adb</vfs_file>
    </file_marker>
    <file_marker column=" 1" line=" 1" >
      <vfs_project />
      <vfs_file>C:\SPARK\2015\share\examples\spark\contract_cases\p.ads</vfs_file>
    </file_marker>
    <file_marker column=" 17" line=" 8" >
      <vfs_project />
      <vfs_file>C:\SPARK\2015\share\examples\spark\contract_cases\p.adb</vfs_file>
    </file_marker>
    <file_marker column=" 6" line=" 15" >
      <vfs_project />
      <vfs_file>C:\SPARK\2015\share\examples\spark\contract_cases\p.ads</vfs_file>
    </file_marker>
    <file_marker column=" 28" line=" 5" >
      <vfs_project />
      <vfs_file>C:\SPARK\2015\share\examples\spark\contract_cases\p.ads</vfs_file>
    </file_marker>
    <file_marker column=" 17" line=" 8" >
      <vfs_project />
      <vfs_file>C:\SPARK\2015\share\examples\spark\contract_cases\p.adb</vfs_file>
    </file_marker>
    <file_marker column=" 17" line=" 12" >
      <vfs_project />
      <vfs_file>C:\SPARK\2015\share\examples\spark\contract_cases\p.ads</vfs_file>
    </file_marker>
    <file_marker column=" 40" line=" 9" >
      <vfs_project />
      <vfs_file>C:\SPARK\2015\share\examples\spark\contract_cases\p.ads</vfs_file>
    </file_marker>
    <file_marker column=" 17" line=" 8" >
      <vfs_project />
      <vfs_file>C:\SPARK\2015\share\examples\spark\contract_cases\p.adb</vfs_file>
    </file_marker>
    <file_marker column=" 38" line=" 12" >
      <vfs_project />
      <vfs_file>C:\SPARK\2015\share\examples\spark\contract_cases\p.ads</vfs_file>
    </file_marker>
    <file_marker column=" 17" line=" 8" >
      <vfs_project />
      <vfs_file>C:\SPARK\2015\share\examples\spark\contract_cases\p.adb</vfs_file>
    </file_marker>
    <file_marker column=" 21" line=" 11" >
      <vfs_project />
      <vfs_file>C:\SPARK\2015\share\examples\spark\contract_cases\p.ads</vfs_file>
    </file_marker>
    <file_marker column=" 52" line=" 12" >
      <vfs_project />
      <vfs_file>C:\SPARK\2015\share\examples\spark\contract_cases\p.ads</vfs_file>
    </file_marker>
    <file_marker current="true" column=" 17" line=" 8" >
      <vfs_project />
      <vfs_file>C:\SPARK\2015\share\examples\spark\contract_cases\p.adb</vfs_file>
    </file_marker>
  </Project>
</Locations>
